<?xml version="1.0" encoding="UTF-8"?>
<!-- Generated by org.testng.reporters.JUnitXMLReporter -->
<testsuite hostname="asda1710po02529" ignored="16" name="Default test" tests="1" failures="0" timestamp="11 Aug 2017 06:07:56 GMT" time="59.237" errors="0">
  <testcase name="enter_course" time="59.21" classname="com.qait.QPv2.tests.LoginTestInstructor"/>
  <testcase name="login_Test" time="0.0" classname="com.qait.QPv2.tests.LoginTestInstructor">
    <ignored/>
  </testcase> <!-- login_Test -->
  <testcase name="assign_due_date_created_questions_Test" time="0.0" classname="com.qait.QPv2.tests.LoginTestInstructor">
    <ignored/>
  </testcase> <!-- assign_due_date_created_questions_Test -->
  <testcase name="create_quiz_Test" time="0.0" classname="com.qait.QPv2.tests.LoginTestInstructor">
    <ignored/>
  </testcase> <!-- create_quiz_Test -->
  <testcase name="gradebook_import_Test" time="0.0" classname="com.qait.QPv2.tests.LoginTestInstructor">
    <ignored/>
  </testcase> <!-- gradebook_import_Test -->
  <testcase name="create_course_Test" time="0.0" classname="com.qait.QPv2.tests.LoginTestInstructor">
    <ignored/>
  </testcase> <!-- create_course_Test -->
  <testcase name="add_questions_to_quiz_Test" time="0.0" classname="com.qait.QPv2.tests.LoginTestInstructor">
    <ignored/>
  </testcase> <!-- add_questions_to_quiz_Test -->
  <testcase name="gradebook_export_Test" time="0.0" classname="com.qait.QPv2.tests.LoginTestInstructor">
    <ignored/>
  </testcase> <!-- gradebook_export_Test -->
  <testcase name="check_create_course_Test" time="0.0" classname="com.qait.QPv2.tests.LoginTestInstructor">
    <ignored/>
  </testcase> <!-- check_create_course_Test -->
  <testcase name="add_questions_Test" time="0.0" classname="com.qait.QPv2.tests.LoginTestInstructor">
    <ignored/>
  </testcase> <!-- add_questions_Test -->
  <testcase name="logout_Test" time="0.0" classname="com.qait.QPv2.tests.LoginTestInstructor">
    <ignored/>
  </testcase> <!-- logout_Test -->
  <testcase name="gradebook_check_Test" time="0.0" classname="com.qait.QPv2.tests.LoginTestInstructor">
    <ignored/>
  </testcase> <!-- gradebook_check_Test -->
  <testcase name="add_questions_to_pool_Test" time="0.0" classname="com.qait.QPv2.tests.LoginTestInstructor">
    <ignored/>
  </testcase> <!-- add_questions_to_pool_Test -->
  <testcase name="assign_due_date_without_questions_test" time="0.0" classname="com.qait.QPv2.tests.LoginTestInstructor">
    <ignored/>
  </testcase> <!-- assign_due_date_without_questions_test -->
  <testcase name="assign_due_date_with_questions_test" time="0.0" classname="com.qait.QPv2.tests.LoginTestInstructor">
    <ignored/>
  </testcase> <!-- assign_due_date_with_questions_test -->
  <testcase name="activate_course_Test" time="0.0" classname="com.qait.QPv2.tests.LoginTestInstructor">
    <ignored/>
  </testcase> <!-- activate_course_Test -->
  <testcase name="create_question_Test" time="0.0" classname="com.qait.QPv2.tests.LoginTestInstructor">
    <ignored/>
  </testcase> <!-- create_question_Test -->
</testsuite> <!-- Default test -->
