<?xml version="1.0" encoding="UTF-8"?>
<testng-results skipped="0" failed="0" ignored="16" total="17" passed="1">
  <reporter-output>
  </reporter-output>
  <suite name="Default suite" duration-ms="59237" started-at="2017-08-11T06:06:56Z" finished-at="2017-08-11T06:07:56Z">
    <groups>
    </groups>
    <test name="Default test" duration-ms="59237" started-at="2017-08-11T06:06:56Z" finished-at="2017-08-11T06:07:56Z">
      <class name="com.qait.QPv2.tests.LoginTestInstructor">
        <test-method status="PASS" signature="before()[pri:0, instance:com.qait.QPv2.tests.LoginTestInstructor@754ba872]" name="before" is-config="true" duration-ms="11" started-at="2017-08-11T11:36:56Z" finished-at="2017-08-11T11:36:56Z">
          <reporter-output>
          </reporter-output>
        </test-method> <!-- before -->
        <test-method status="PASS" signature="enter_course()[pri:0, instance:com.qait.QPv2.tests.LoginTestInstructor@754ba872]" name="enter_course" duration-ms="59210" started-at="2017-08-11T11:36:56Z" finished-at="2017-08-11T11:37:56Z">
          <reporter-output>
          </reporter-output>
        </test-method> <!-- enter_course -->
      </class> <!-- com.qait.QPv2.tests.LoginTestInstructor -->
    </test> <!-- Default test -->
  </suite> <!-- Default suite -->
</testng-results>
